<?xml version="1.0" encoding="UTF-8"?>
<testng-results skipped="0" failed="0" ignored="0" total="1" passed="1">
  <reporter-output>
  </reporter-output>
  <suite name="Default suite" duration-ms="5305" started-at="2019-03-12T14:10:15Z" finished-at="2019-03-12T14:10:20Z">
    <groups>
    </groups>
    <test name="Default test" duration-ms="5305" started-at="2019-03-12T14:10:15Z" finished-at="2019-03-12T14:10:20Z">
      <class name="com.mmt.test.LoginMmtTest">
        <test-method status="PASS" signature="verifyLogin()[pri:0, instance:com.mmt.test.LoginMmtTest@5dfcfece]" name="verifyLogin" duration-ms="5290" started-at="2019-03-12T14:10:15Z" finished-at="2019-03-12T14:10:20Z">
          <reporter-output>
          </reporter-output>
        </test-method> <!-- verifyLogin -->
      </class> <!-- com.mmt.test.LoginMmtTest -->
    </test> <!-- Default test -->
  </suite> <!-- Default suite -->
</testng-results>
